<?xml version="1.0" encoding="UTF-8"?>
<!-- Generated by org.testng.reporters.JUnitReportReporter -->
<testsuite skipped="0" hostname="DESKTOP-LFB7O5E" name="Metodo.Metodo.SeleniumTest" tests="1" failures="0" timestamp="2020-05-03T23:19:48 UYT" time="0.000" errors="0">
  <testcase name="elementsUI" time="0.000" classname="Metodo.Metodo.SeleniumTest"/>
  <system-out/>
</testsuite> <!-- Metodo.Metodo.SeleniumTest -->
