<?xml version="1.0" encoding="UTF-8"?>
<!-- Generated by org.testng.reporters.JUnitReportReporter -->
<testsuite skipped="0" hostname="DESKTOP-LFB7O5E" name="Metodo.Metodo.AppTest" tests="1" failures="0" timestamp="2020-05-03T23:19:48 UYT" time="0.016" errors="0">
  <testcase name="testApp" time="0.016" classname="Metodo.Metodo.AppTest"/>
  <system-out/>
</testsuite> <!-- Metodo.Metodo.AppTest -->
