<?xml version="1.0" encoding="UTF-8"?>
<!-- Generated by org.testng.reporters.JUnitReportReporter -->
<testsuite skipped="0" hostname="DESKTOP-LFB7O5E" name="Metodo.Metodo.RESTAPITest" tests="2" failures="0" timestamp="2020-05-04T00:00:09 UYT" time="0.000" errors="0">
  <testcase name="deleteTwitter" time="0.000" classname="Metodo.Metodo.RESTAPITest"/>
  <system-out/>
  <testcase name="postJira" time="0.000" classname="Metodo.Metodo.RESTAPITest"/>
  <system-out/>
</testsuite> <!-- Metodo.Metodo.RESTAPITest -->
